# This file contains the data of final population
# of objectives = 2, # of constraints = 1, # of real_var = 2, # of bits of bin_var = 0, constr_violation, rank, crowding_distance
3.883289e-01	1.043580e+01	0.000000e+00	1.207822e-01	1.188775e-02	0.000000e+00	1	1.000000e+14
3.883289e-01	1.041226e+01	0.000000e+00	1.207822e-01	1.050543e-02	0.000000e+00	1	1.627574e-03
3.883289e-01	1.039726e+01	0.000000e+00	1.207680e-01	4.997348e-01	0.000000e+00	1	2.942267e-01
7.064011e-01	1.922097e+00	0.000000e+00	1.596300e-01	2.430917e-03	0.000000e+00	1	4.209354e-01
4.022333e-01	3.578980e+00	0.000000e+00	1.138403e-01	6.499533e-02	0.000000e+00	1	1.339897e-01
4.277984e-01	3.489088e+00	0.000000e+00	1.326408e-01	5.716588e-02	0.000000e+00	1	1.754255e-01
5.138342e-01	2.119500e+00	0.000000e+00	9.904222e-02	3.217016e-03	0.000000e+00	1	3.191691e-01
9.951916e-01	1.693939e+00	0.000000e+00	2.108084e-01	2.430917e-03	0.000000e+00	1	1.000000e+14
3.883661e-01	5.263705e+00	0.000000e+00	1.204242e-01	4.655801e-01	0.000000e+00	1	4.014342e-01
3.883289e-01	1.040735e+01	0.000000e+00	1.207823e-01	1.151728e-02	0.000000e+00	1	8.584178e-04
3.883289e-01	1.040979e+01	0.000000e+00	1.207823e-01	4.511526e-03	0.000000e+00	2	3.089639e-01
9.999980e-01	2.237457e+00	0.000000e+00	2.395000e-01	9.430245e-03	0.000000e+00	2	1.000000e+14
4.849060e-01	3.657865e+00	0.000000e+00	1.019335e-01	7.520066e-02	0.000000e+00	2	3.630415e-01
3.883661e-01	5.297135e+00	0.000000e+00	1.204242e-01	4.801762e-01	0.000000e+00	2	3.262078e-01
6.339317e-01	2.318696e+00	0.000000e+00	1.534261e-01	6.593778e-03	0.000000e+00	2	4.137235e-01
8.918904e-01	2.315544e+00	0.000000e+00	3.326272e-01	9.430245e-03	0.000000e+00	2	3.041402e-01
4.022333e-01	5.194861e+00	0.000000e+00	1.138403e-01	4.374382e-01	0.000000e+00	2	1.778830e-01
3.883289e-01	1.041420e+01	0.000000e+00	1.207822e-01	8.873695e-03	0.000000e+00	2	2.087912e-03
3.883289e-01	1.044438e+01	0.000000e+00	1.207822e-01	2.882133e-03	0.000000e+00	2	6.344301e-03
3.883289e-01	1.051929e+01	0.000000e+00	1.207822e-01	3.592513e-02	0.000000e+00	2	1.000000e+14
3.883318e-01	1.041350e+01	0.000000e+00	1.206815e-01	9.560206e-03	0.000000e+00	3	1.113244e-01
3.884468e-01	5.646791e+00	0.000000e+00	1.201454e-01	6.543343e-01	0.000000e+00	3	1.835909e-01
7.940554e-01	3.431742e+00	0.000000e+00	3.844455e-01	6.332120e-02	0.000000e+00	3	4.050085e-01
9.870129e-01	2.358499e+00	0.000000e+00	8.298064e-01	1.192346e-02	0.000000e+00	3	1.000000e+14
3.893440e-01	5.621278e+00	0.000000e+00	1.226527e-01	6.402959e-01	0.000000e+00	3	2.374185e-02
9.035901e-01	2.912105e+00	0.000000e+00	6.236432e-02	3.039943e-02	0.000000e+00	3	1.747599e-01
9.540133e-01	2.760678e+00	0.000000e+00	5.864449e-01	2.461999e-02	0.000000e+00	3	5.223312e-02
4.022333e-01	5.447473e+00	0.000000e+00	1.138403e-01	5.510944e-01	0.000000e+00	3	1.906752e-01
9.540133e-01	2.760678e+00	0.000000e+00	5.864449e-01	2.461999e-02	0.000000e+00	3	5.140146e-02
4.989959e-01	4.005949e+00	0.000000e+00	1.004916e-01	1.214014e-01	0.000000e+00	3	4.508978e-01
3.883661e-01	8.600564e+00	0.000000e+00	1.204242e-01	4.801762e-01	0.000000e+00	3	2.925254e-01
3.883289e-01	1.041469e+01	0.000000e+00	1.207823e-01	1.597543e-02	0.000000e+00	3	3.374530e-04
3.883289e-01	1.041896e+01	0.000000e+00	1.207822e-01	1.050543e-02	0.000000e+00	3	5.766448e-03
3.883289e-01	1.050868e+01	0.000000e+00	1.207822e-01	3.138374e-02	0.000000e+00	3	1.000000e+14
3.883289e-01	1.041658e+01	0.000000e+00	1.207823e-01	2.107074e-02	0.000000e+00	4	6.977848e-02
3.883661e-01	9.306042e+00	0.000000e+00	1.204242e-01	4.720641e-01	0.000000e+00	4	1.072289e-01
4.094156e-01	5.501048e+00	0.000000e+00	1.122136e-01	5.783403e-01	0.000000e+00	4	1.184903e-01
5.071681e-01	5.373845e+00	0.000000e+00	9.968561e-02	5.241660e-01	0.000000e+00	4	1.238737e-01
5.460655e-01	4.631636e+00	0.000000e+00	1.457696e-01	2.557400e-01	0.000000e+00	4	1.237329e-01
5.295302e-01	5.124770e+00	0.000000e+00	9.756966e-02	4.183367e-01	0.000000e+00	4	7.895434e-02
5.976323e-01	4.056922e+00	0.000000e+00	9.162647e-02	1.338816e-01	0.000000e+00	4	2.713032e-01
9.035901e-01	2.951101e+00	0.000000e+00	6.236432e-02	3.247345e-02	0.000000e+00	4	2.284911e-01
3.927841e-01	5.740581e+00	0.000000e+00	1.247076e-01	7.085553e-01	0.000000e+00	4	1.861917e-02
3.927841e-01	5.740581e+00	0.000000e+00	1.247076e-01	7.085553e-01	0.000000e+00	4	1.944067e-01
9.870129e-01	2.530798e+00	0.000000e+00	8.298064e-01	1.678175e-02	0.000000e+00	4	1.000000e+14
7.940554e-01	3.606365e+00	0.000000e+00	3.844455e-01	8.116328e-02	0.000000e+00	4	3.247590e-01
3.884468e-01	8.623840e+00	0.000000e+00	1.201454e-01	6.955111e-01	0.000000e+00	4	1.892492e-01
3.883939e-01	8.704756e+00	0.000000e+00	1.212554e-01	1.120205e-01	0.000000e+00	4	4.277903e-02
3.883289e-01	1.042007e+01	0.000000e+00	1.207822e-01	6.252959e-03	0.000000e+00	4	6.282913e-03
3.883289e-01	1.051693e+01	0.000000e+00	1.207822e-01	2.882133e-03	0.000000e+00	4	1.000000e+14
3.883289e-01	1.042398e+01	0.000000e+00	1.207822e-01	2.521189e-03	0.000000e+00	5	8.036401e-03
3.883289e-01	1.041674e+01	0.000000e+00	1.207823e-01	1.544596e-02	0.000000e+00	5	6.473618e-02
3.888089e-01	9.087242e+00	0.000000e+00	1.194971e-01	6.499533e-02	0.000000e+00	5	2.213670e-01
4.018641e-01	6.035666e+00	0.000000e+00	1.276515e-01	9.008776e-01	0.000000e+00	5	2.354199e-01
9.996255e-01	2.756782e+00	0.000000e+00	2.195710e-02	2.573019e-02	0.000000e+00	5	1.000000e+14
9.357339e-01	3.669509e+00	0.000000e+00	4.209421e-01	9.626647e-02	0.000000e+00	5	1.293619e-01
8.080914e-01	4.981685e+00	0.000000e+00	7.347528e-02	3.912222e-01	0.000000e+00	5	6.708946e-02
9.514353e-01	3.079571e+00	0.000000e+00	1.898915e-01	4.182148e-02	0.000000e+00	5	1.108427e-01
7.749788e-01	5.041294e+00	0.000000e+00	3.707775e-01	4.099219e-01	0.000000e+00	5	2.379642e-01
8.174303e-01	4.224144e+00	0.000000e+00	1.701028e-01	1.783607e-01	0.000000e+00	5	7.379198e-02
8.428993e-01	3.711909e+00	0.000000e+00	3.981769e-01	9.626647e-02	0.000000e+00	5	1.323639e-01
8.099767e-01	4.442037e+00	0.000000e+00	3.896363e-01	2.266147e-01	0.000000e+00	5	5.626156e-02
5.295302e-01	5.139348e+00	0.000000e+00	9.756966e-02	4.241437e-01	0.000000e+00	5	3.401317e-01
4.107898e-01	5.699534e+00	0.000000e+00	1.119348e-01	6.860342e-01	0.000000e+00	5	1.619529e-01
3.884002e-01	9.312967e+00	0.000000e+00	1.202868e-01	3.794665e-02	0.000000e+00	5	2.129775e-02
3.883661e-01	9.413416e+00	0.000000e+00	1.204242e-01	4.809056e-01	0.000000e+00	5	7.090462e-02
3.883289e-01	1.042152e+01	0.000000e+00	1.207822e-01	2.323716e-02	0.000000e+00	5	4.643981e-04
3.883289e-01	1.054673e+01	0.000000e+00	1.207822e-01	2.897777e-02	0.000000e+00	5	1.000000e+14
3.883289e-01	1.041834e+01	0.000000e+00	1.207823e-01	1.658581e-02	0.000000e+00	6	1.317085e-02
3.884840e-01	1.018885e+01	0.000000e+00	1.200516e-01	4.502419e-01	0.000000e+00	6	6.993374e-02
3.883661e-01	1.022619e+01	0.000000e+00	1.204242e-01	6.181353e-01	0.000000e+00	6	1.553501e-02
3.925066e-01	9.112169e+00	0.000000e+00	1.169880e-01	4.676275e-01	0.000000e+00	6	2.202497e-01
3.901749e-01	9.206607e+00	0.000000e+00	1.233058e-01	9.832139e-01	0.000000e+00	6	7.557678e-02
9.999732e-01	3.116395e+00	0.000000e+00	1.396899e-02	4.624856e-02	0.000000e+00	6	1.000000e+14
5.976323e-01	5.274948e+00	0.000000e+00	9.162647e-02	4.874787e-01	0.000000e+00	6	2.703474e-01
8.099767e-01	4.671848e+00	0.000000e+00	3.896363e-01	2.885317e-01	0.000000e+00	6	2.571388e-01
8.925558e-01	3.760790e+00	0.000000e+00	3.324749e-01	1.055691e-01	0.000000e+00	6	1.305616e-01
9.961573e-01	3.143766e+00	0.000000e+00	8.093812e-01	4.805336e-02	0.000000e+00	6	3.291204e-02
4.434703e-01	6.057032e+00	0.000000e+00	1.348913e-01	9.202685e-01	0.000000e+00	6	1.570418e-01
8.787318e-01	4.533103e+00	0.000000e+00	3.356064e-01	2.563876e-01	0.000000e+00	6	8.561245e-02
8.614734e-01	4.657476e+00	0.000000e+00	4.025340e-01	2.895694e-01	0.000000e+00	6	6.552050e-02
5.448959e-01	5.470957e+00	0.000000e+00	1.456628e-01	5.749516e-01	0.000000e+00	6	1.785318e-01
9.730152e-01	3.278470e+00	0.000000e+00	4.782076e-02	5.759241e-02	0.000000e+00	6	3.203455e-02
9.999651e-01	3.116400e+00	0.000000e+00	1.461134e-02	4.624856e-02	0.000000e+00	6	4.957006e-03
9.674006e-01	3.668080e+00	0.000000e+00	5.780475e-01	9.803908e-02	0.000000e+00	6	9.408352e-02
9.716007e-01	3.321906e+00	0.000000e+00	8.587143e-01	6.127126e-02	0.000000e+00	6	3.074826e-02
4.018641e-01	6.068479e+00	0.000000e+00	1.276515e-01	9.243594e-01	0.000000e+00	6	2.467833e-01
3.883289e-01	1.042191e+01	0.000000e+00	1.207822e-01	2.767489e-02	0.000000e+00	6	4.520519e-04
3.883289e-01	1.042508e+01	0.000000e+00	1.207822e-01	1.218112e-03	0.000000e+00	6	3.861440e-04
3.883289e-01	1.042766e+01	0.000000e+00	1.207822e-01	1.148420e-03	0.000000e+00	6	9.294640e-03
3.883289e-01	1.056351e+01	0.000000e+00	1.207822e-01	2.897777e-02	0.000000e+00	6	1.000000e+14
3.883289e-01	1.056974e+01	0.000000e+00	1.207822e-01	6.086923e-02	0.000000e+00	7	1.000000e+14
3.883289e-01	1.043374e+01	0.000000e+00	1.207822e-01	6.637536e-02	0.000000e+00	7	9.560128e-03
3.883289e-01	1.041868e+01	0.000000e+00	1.207823e-01	5.972391e-04	0.000000e+00	7	1.343206e-03
3.884979e-01	1.021777e+01	0.000000e+00	1.200196e-01	6.499533e-02	0.000000e+00	7	1.257810e-02
3.883661e-01	1.040656e+01	0.000000e+00	1.204242e-01	4.800807e-01	0.000000e+00	7	1.021711e-02
3.921816e-01	1.012840e+01	0.000000e+00	1.244315e-01	8.719690e-01	0.000000e+00	7	5.949042e-02
5.448959e-01	5.938084e+00	0.000000e+00	1.456628e-01	8.489142e-01	0.000000e+00	7	1.344579e-01
9.957150e-01	3.328527e+00	0.000000e+00	8.108128e-01	6.303812e-02	0.000000e+00	7	8.277209e-03
9.955366e-01	3.336552e+00	0.000000e+00	9.318801e-01	6.375444e-02	0.000000e+00	7	1.174399e-02
9.795160e-01	3.450882e+00	0.000000e+00	1.990587e-01	7.393442e-02	0.000000e+00	7	4.466995e-02
9.186154e-01	4.603808e+00	0.000000e+00	6.267709e-01	2.801517e-01	0.000000e+00	7	7.623656e-02
5.344790e-01	6.106122e+00	0.000000e+00	1.447015e-01	9.668574e-01	0.000000e+00	7	2.010314e-01
9.872449e-01	3.399739e+00	0.000000e+00	4.138138e-02	6.925816e-02	0.000000e+00	7	2.083485e-02
8.653670e-01	4.861390e+00	0.000000e+00	4.034344e-01	3.549873e-01	0.000000e+00	7	5.640498e-02
8.969443e-01	4.646216e+00	0.000000e+00	4.108114e-01	2.900697e-01	0.000000e+00	7	6.096471e-02
9.999221e-01	3.181610e+00	0.000000e+00	7.782142e-01	5.103846e-02	0.000000e+00	7	1.000000e+14
9.986307e-01	3.251623e+00	0.000000e+00	7.980006e-01	5.654328e-02	0.000000e+00	7	1.338228e-02
9.197290e-01	3.794967e+00	0.000000e+00	6.127534e-01	1.120205e-01	0.000000e+00	7	9.292385e-02
9.639639e-01	3.778557e+00	0.000000e+00	6.620447e-01	1.126402e-01	0.000000e+00	7	7.216441e-02
8.512590e-01	4.927786e+00	0.000000e+00	6.896368e-02	3.766573e-01	0.000000e+00	7	8.796620e-02
7.965957e-01	5.330435e+00	0.000000e+00	3.853693e-01	5.364327e-01	0.000000e+00	7	2.042666e-01
6.359456e-01	5.345068e+00	0.000000e+00	8.844427e-02	5.234072e-01	0.000000e+00	7	2.468972e-01
3.946461e-01	9.412990e+00	0.000000e+00	1.254604e-01	8.735897e-02	0.000000e+00	7	5.900183e-02
4.524483e-01	8.727194e+00	0.000000e+00	1.056131e-01	4.805336e-02	0.000000e+00	7	1.301987e-01
3.999547e-01	9.350470e+00	0.000000e+00	1.271434e-01	3.498730e-02	0.000000e+00	7	2.677272e-02
4.221238e-01	9.349323e+00	0.000000e+00	1.098882e-01	3.078913e-01	0.000000e+00	7	8.509635e-02
5.269209e-01	8.691436e+00	0.000000e+00	9.781074e-02	9.898338e-02	0.000000e+00	7	2.444470e-01
3.884468e-01	1.026914e+01	0.000000e+00	1.201454e-01	7.546138e-01	0.000000e+00	7	1.288446e-02
3.883289e-01	1.042595e+01	0.000000e+00	1.207822e-01	5.910297e-02	0.000000e+00	7	6.629239e-04
3.883289e-01	1.042848e+01	0.000000e+00	1.207822e-01	1.433073e-02	0.000000e+00	7	5.266925e-04
3.883289e-01	1.043463e+01	0.000000e+00	1.207822e-01	2.408651e-02	0.000000e+00	8	1.000000e+14
3.883289e-01	1.042011e+01	0.000000e+00	1.207841e-01	3.278268e-02	0.000000e+00	8	5.711266e-04
3.883661e-01	1.041563e+01	0.000000e+00	1.204242e-01	2.604897e-02	0.000000e+00	8	6.491825e-03
3.909032e-01	1.023081e+01	0.000000e+00	1.178050e-01	6.499533e-02	0.000000e+00	8	5.899715e-02
3.885789e-01	1.032996e+01	0.000000e+00	1.198548e-01	7.285905e-01	0.000000e+00	8	7.402299e-03
3.888060e-01	1.031466e+01	0.000000e+00	1.195010e-01	2.409818e-01	0.000000e+00	8	8.818639e-03
4.179371e-01	9.377754e+00	0.000000e+00	1.310109e-01	7.311643e-01	0.000000e+00	8	8.133787e-02
4.635519e-01	9.035797e+00	0.000000e+00	1.374029e-01	2.430917e-03	0.000000e+00	8	1.228145e-01
3.974735e-01	9.518953e+00	0.000000e+00	1.151608e-01	7.805238e-01	0.000000e+00	8	1.008989e-02
7.231047e-01	5.367938e+00	0.000000e+00	1.610979e-01	5.445389e-01	0.000000e+00	8	1.298191e-01
9.639639e-01	3.783014e+00	0.000000e+00	6.620447e-01	1.132723e-01	0.000000e+00	8	5.571619e-02
9.986307e-01	3.265169e+00	0.000000e+00	7.980006e-01	5.767161e-02	0.000000e+00	8	1.000000e+14
6.971470e-01	5.573670e+00	0.000000e+00	1.588258e-01	6.466163e-01	0.000000e+00	8	7.627172e-02
6.768471e-01	5.918184e+00	0.000000e+00	8.506965e-02	8.536455e-01	0.000000e+00	8	8.149262e-02
8.805605e-01	5.150532e+00	0.000000e+00	6.547911e-02	4.676275e-01	0.000000e+00	8	1.212750e-01
9.209956e-01	4.602892e+00	0.000000e+00	6.307049e-01	2.801517e-01	0.000000e+00	8	1.294640e-01
9.280153e-01	3.851628e+00	0.000000e+00	4.187459e-01	1.208315e-01	0.000000e+00	8	9.238102e-02
8.355825e-01	5.338463e+00	0.000000e+00	7.067156e-02	5.457861e-01	0.000000e+00	8	1.441602e-01
9.965605e-01	3.429313e+00	0.000000e+00	3.248976e-02	7.267141e-02	0.000000e+00	8	3.867171e-02
9.859230e-01	3.670397e+00	0.000000e+00	2.024703e-01	9.951538e-02	0.000000e+00	8	2.989302e-02
9.808136e-01	3.672961e+00	0.000000e+00	1.996757e-01	9.951538e-02	0.000000e+00	8	2.584434e-02
6.359192e-01	6.022919e+00	0.000000e+00	1.535950e-01	9.202685e-01	0.000000e+00	8	2.638814e-01
5.344790e-01	8.985790e+00	0.000000e+00	1.447015e-01	9.059692e-01	0.000000e+00	8	8.333130e-02
5.463990e-01	8.814154e+00	0.000000e+00	9.604135e-02	4.099219e-01	0.000000e+00	8	6.669176e-02
4.022333e-01	9.481759e+00	0.000000e+00	1.138403e-01	4.374382e-01	0.000000e+00	8	2.661245e-02
5.638472e-01	8.374503e+00	0.000000e+00	1.473710e-01	9.033367e-01	0.000000e+00	8	2.680024e-01
3.967609e-01	9.562152e+00	0.000000e+00	1.261921e-01	9.461047e-01	0.000000e+00	8	5.502830e-02
3.883289e-01	1.042338e+01	0.000000e+00	1.207823e-01	4.511526e-03	0.000000e+00	8	1.012408e-03
3.888089e-01	1.041501e+01	0.000000e+00	1.194971e-01	2.175295e-03	0.000000e+00	9	4.068443e-03
3.883289e-01	1.042425e+01	0.000000e+00	1.207823e-01	3.382325e-02	0.000000e+00	9	1.193950e-03
3.974735e-01	1.020262e+01	0.000000e+00	1.151608e-01	4.563103e-01	0.000000e+00	9	5.509162e-02
3.891002e-01	1.036398e+01	0.000000e+00	1.224125e-01	7.248425e-01	0.000000e+00	9	8.860598e-03
6.304622e-01	8.676277e+00	0.000000e+00	1.531311e-01	2.207380e-01	0.000000e+00	9	2.738848e-01
5.067897e-01	9.182508e+00	0.000000e+00	9.972249e-02	5.479481e-01	0.000000e+00	9	9.857698e-02
4.018641e-01	9.654855e+00	0.000000e+00	1.276515e-01	9.008776e-01	0.000000e+00	9	6.145090e-02
9.671356e-01	3.833383e+00	0.000000e+00	4.319308e-01	1.208315e-01	0.000000e+00	9	2.193440e-02
7.021200e-01	5.983953e+00	0.000000e+00	8.296404e-02	9.029621e-01	0.000000e+00	9	5.625430e-02
9.873179e-01	3.762793e+00	0.000000e+00	6.812375e-01	1.120205e-01	0.000000e+00	9	3.722947e-02
9.999638e-01	3.306308e+00	0.000000e+00	7.261565e-01	6.127126e-02	0.000000e+00	9	1.000000e+14
9.660882e-01	3.845452e+00	0.000000e+00	5.789074e-01	1.225688e-01	0.000000e+00	9	3.422729e-02
7.343921e-01	5.891508e+00	0.000000e+00	1.621044e-01	8.448372e-01	0.000000e+00	9	9.371502e-02
9.280153e-01	3.865445e+00	0.000000e+00	4.187459e-01	1.229168e-01	0.000000e+00	9	9.143052e-02
9.265612e-01	4.688905e+00	0.000000e+00	6.050145e-01	3.062191e-01	0.000000e+00	9	1.194494e-01
8.744813e-01	5.513259e+00	0.000000e+00	3.365601e-01	6.405839e-01	0.000000e+00	9	1.002769e-01
9.868831e-01	3.775043e+00	0.000000e+00	5.624383e-01	1.137217e-01	0.000000e+00	9	2.144634e-02
6.814997e-01	6.077207e+00	0.000000e+00	8.468398e-02	9.669623e-01	0.000000e+00	9	2.472848e-01
9.046113e-01	5.296699e+00	0.000000e+00	4.126734e-01	5.364327e-01	0.000000e+00	9	1.003535e-01
9.997895e-01	3.394410e+00	0.000000e+00	4.728760e-01	6.940056e-02	0.000000e+00	9	4.233297e-02
7.862683e-01	5.546528e+00	0.000000e+00	3.812005e-01	6.445590e-01	0.000000e+00	9	8.217650e-03
7.804979e-01	5.561033e+00	0.000000e+00	3.635689e-01	6.516014e-01	0.000000e+00	9	6.658755e-02
7.891002e-01	5.544121e+00	0.000000e+00	3.824716e-01	6.436799e-01	0.000000e+00	9	1.397693e-02
8.029637e-01	5.541837e+00	0.000000e+00	3.875024e-01	6.445590e-01	0.000000e+00	9	7.196060e-02
5.976323e-01	9.006638e+00	0.000000e+00	9.162647e-02	1.338816e-01	0.000000e+00	9	1.365819e-01
4.205760e-01	9.448939e+00	0.000000e+00	1.314688e-01	5.457861e-01	0.000000e+00	9	1.673512e-02
4.956181e-01	9.223248e+00	0.000000e+00	1.409130e-01	5.749516e-01	0.000000e+00	9	5.953226e-02
4.125617e-01	9.501856e+00	0.000000e+00	1.115871e-01	7.018526e-01	0.000000e+00	9	2.972943e-02
4.557775e-01	9.436905e+00	0.000000e+00	1.052051e-01	1.132229e-01	0.000000e+00	9	7.068965e-02
4.277984e-01	9.440800e+00	0.000000e+00	1.326408e-01	5.716588e-02	0.000000e+00	9	2.961994e-02
3.913167e-01	1.031785e+01	0.000000e+00	1.239946e-01	9.498463e-01	0.000000e+00	9	1.815487e-02
3.885892e-01	1.041606e+01	0.000000e+00	1.217290e-01	1.186224e-02	0.000000e+00	9	5.774336e-04
3.883661e-01	1.041809e+01	0.000000e+00	1.204242e-01	3.517514e-02	0.000000e+00	9	7.862601e-04
3.883289e-01	1.043469e+01	0.000000e+00	1.207822e-01	8.150819e-04	0.000000e+00	9	7.538518e-04
3.883289e-01	1.043500e+01	0.000000e+00	1.207822e-01	2.617351e-03	0.000000e+00	9	3.693628e-04
3.883289e-01	1.043996e+01	0.000000e+00	1.207822e-01	1.983056e-03	0.000000e+00	9	1.000000e+14
3.887155e-01	1.042176e+01	0.000000e+00	1.196290e-01	6.593778e-03	0.000000e+00	10	4.399432e-03
3.925187e-01	1.041188e+01	0.000000e+00	1.169825e-01	1.544596e-02	0.000000e+00	10	1.913386e-02
5.138342e-01	1.039652e+01	0.000000e+00	9.904222e-02	3.206951e-03	0.000000e+00	10	1.922065e-01
5.503535e-01	9.294670e+00	0.000000e+00	1.461596e-01	2.033636e-01	0.000000e+00	10	2.111347e-01
8.111883e-01	5.633572e+00	0.000000e+00	3.517398e-01	6.971617e-01	0.000000e+00	10	2.643533e-01
9.282128e-01	4.605078e+00	0.000000e+00	6.380988e-01	2.815765e-01	0.000000e+00	10	3.165038e-01
7.314046e-01	6.077415e+00	0.000000e+00	1.618367e-01	9.756279e-01	0.000000e+00	10	3.666712e-01
6.359192e-01	8.812303e+00	0.000000e+00	1.535950e-01	9.238395e-01	0.000000e+00	10	3.741050e-01
9.999977e-01	3.326155e+00	0.000000e+00	4.872997e-01	6.303812e-02	0.000000e+00	10	1.000000e+14
3.883289e-01	1.042574e+01	0.000000e+00	1.207823e-01	6.039265e-02	0.000000e+00	10	1.231503e-03
3.883289e-01	1.043479e+01	0.000000e+00	1.207823e-01	1.205569e-02	0.000000e+00	10	6.731068e-04
3.883289e-01	1.043532e+01	0.000000e+00	1.207822e-01	3.432282e-04	0.000000e+00	10	4.082130e-04
3.883289e-01	1.044060e+01	0.000000e+00	1.207822e-01	1.050543e-02	0.000000e+00	10	1.000000e+14
4.109018e-01	1.040756e+01	0.000000e+00	1.119125e-01	6.252959e-03	0.000000e+00	10	1.002469e-01
9.993989e-01	1.033949e+01	0.000000e+00	2.226479e-01	4.401090e-03	0.000000e+00	11	1.000000e+14
